Determining if the pthread_create exist failed with the following output:
Change Dir: /home/omncbar/Nyrio_Software/niryo/build/CMakeFiles/CMakeTmp

Run Build Command:"/usr/bin/make" "cmTC_90169/fast"
/usr/bin/make -f CMakeFiles/cmTC_90169.dir/build.make CMakeFiles/cmTC_90169.dir/build
make[1]: ingresso nella directory "/home/omncbar/Nyrio_Software/niryo/build/CMakeFiles/CMakeTmp"
Building C object CMakeFiles/cmTC_90169.dir/CheckSymbolExists.c.o
/usr/bin/cc    -o CMakeFiles/cmTC_90169.dir/CheckSymbolExists.c.o   -c /home/omncbar/Nyrio_Software/niryo/build/CMakeFiles/CMakeTmp/CheckSymbolExists.c
Linking C executable cmTC_90169
/usr/local/bin/cmake -E cmake_link_script CMakeFiles/cmTC_90169.dir/link.txt --verbose=1
/usr/bin/cc      -rdynamic CMakeFiles/cmTC_90169.dir/CheckSymbolExists.c.o  -o cmTC_90169 
CMakeFiles/cmTC_90169.dir/CheckSymbolExists.c.o: nella funzione "main":
CheckSymbolExists.c:(.text+0x16): riferimento non definito a "pthread_create"
collect2: error: ld returned 1 exit status
CMakeFiles/cmTC_90169.dir/build.make:97: set di istruzioni per l'obiettivo "cmTC_90169" non riuscito
make[1]: *** [cmTC_90169] Errore 1
make[1]: uscita dalla directory "/home/omncbar/Nyrio_Software/niryo/build/CMakeFiles/CMakeTmp"
Makefile:126: set di istruzioni per l'obiettivo "cmTC_90169/fast" non riuscito
make: *** [cmTC_90169/fast] Errore 2

File /home/omncbar/Nyrio_Software/niryo/build/CMakeFiles/CMakeTmp/CheckSymbolExists.c:
/* */
#include <pthread.h>

int main(int argc, char** argv)
{
  (void)argv;
#ifndef pthread_create
  return ((int*)(&pthread_create))[argc];
#else
  (void)argc;
  return 0;
#endif
}

Determining if the function pthread_create exists in the pthreads failed with the following output:
Change Dir: /home/omncbar/Nyrio_Software/niryo/build/CMakeFiles/CMakeTmp

Run Build Command:"/usr/bin/make" "cmTC_6c9c7/fast"
/usr/bin/make -f CMakeFiles/cmTC_6c9c7.dir/build.make CMakeFiles/cmTC_6c9c7.dir/build
make[1]: ingresso nella directory "/home/omncbar/Nyrio_Software/niryo/build/CMakeFiles/CMakeTmp"
Building C object CMakeFiles/cmTC_6c9c7.dir/CheckFunctionExists.c.o
/usr/bin/cc   -DCHECK_FUNCTION_EXISTS=pthread_create   -o CMakeFiles/cmTC_6c9c7.dir/CheckFunctionExists.c.o   -c /usr/local/share/cmake-3.8/Modules/CheckFunctionExists.c
Linking C executable cmTC_6c9c7
/usr/local/bin/cmake -E cmake_link_script CMakeFiles/cmTC_6c9c7.dir/link.txt --verbose=1
/usr/bin/cc  -DCHECK_FUNCTION_EXISTS=pthread_create    -rdynamic CMakeFiles/cmTC_6c9c7.dir/CheckFunctionExists.c.o  -o cmTC_6c9c7 -lpthreads 
/usr/bin/ld: impossibile trovare -lpthreads
collect2: error: ld returned 1 exit status
CMakeFiles/cmTC_6c9c7.dir/build.make:97: set di istruzioni per l'obiettivo "cmTC_6c9c7" non riuscito
make[1]: *** [cmTC_6c9c7] Errore 1
make[1]: uscita dalla directory "/home/omncbar/Nyrio_Software/niryo/build/CMakeFiles/CMakeTmp"
Makefile:126: set di istruzioni per l'obiettivo "cmTC_6c9c7/fast" non riuscito
make: *** [cmTC_6c9c7/fast] Errore 2


